Using pre-set license
Built from '2021.1/staging' branch; Version is '2021.1.7f1 (d91830b65d9b) revision 14227504'; Using compiler version '192528614'; Build Type 'Release'
OS: 'Windows 10 Pro; OS build 19042.928; Version 2009; 64bit' Language: 'pt' Physical Memory: 16317 MB
BatchMode: 1, IsHumanControllingUs: 0, StartBugReporterOnCrash: 0, Is64bit: 1, IsPro: 0

 COMMAND LINE ARGUMENTS:
D:\Jogos\Unity Editor\2021.1.7f1\Editor\Unity.exe
-adb2
-batchMode
-noUpm
-name
AssetImportWorker0
-projectPath
C:/Users/Giacomelli/Documents/moonscraper--myGit/Moonscraper-Chart-Editor/Moonscraper Chart Editor
-logFile
Logs/AssetImportWorker0.log
-srvPort
53239
Successfully changed project path to: C:/Users/Giacomelli/Documents/moonscraper--myGit/Moonscraper-Chart-Editor/Moonscraper Chart Editor
C:/Users/Giacomelli/Documents/moonscraper--myGit/Moonscraper-Chart-Editor/Moonscraper Chart Editor
Using Asset Import Pipeline V2.
Refreshing native plugins compatible for Editor in 630.50 ms, found 6 plugins.
Preloading 0 native plugins for Editor in 0.00 ms.
Initialize engine version: 2021.1.7f1 (d91830b65d9b)
[Subsystems] Discovering subsystems at path D:/Jogos/Unity Editor/2021.1.7f1/Editor/Data/Resources/UnitySubsystems
[Subsystems] Discovering subsystems at path C:/Users/Giacomelli/Documents/moonscraper--myGit/Moonscraper-Chart-Editor/Moonscraper Chart Editor/Assets
GfxDevice: creating device client; threaded=0; jobified=0
Direct3D:
    Version:  Direct3D 11.0 [level 11.1]
    Renderer: AMD Radeon RX 5700 XT (ID=0x731f)
    Vendor:   ATI
    VRAM:     8152 MB
    Driver:   27.20.14501.28009
Shader 'MK/MKGlow/Normal/DiffuseBumped': fallback shader 'MK/MKGlow/Diffuse' not found
Initialize mono
Mono path[0] = 'D:/Jogos/Unity Editor/2021.1.7f1/Editor/Data/Managed'
Mono path[1] = 'D:/Jogos/Unity Editor/2021.1.7f1/Editor/Data/MonoBleedingEdge/lib/mono/unityjit'
Mono config path = 'D:/Jogos/Unity Editor/2021.1.7f1/Editor/Data/MonoBleedingEdge/etc'
Using monoOptions --debugger-agent=transport=dt_socket,embedding=1,server=y,suspend=n,address=127.0.0.1:56620
Begin MonoManager ReloadAssembly
Registering precompiled unity dll's ...
Register platform support module: D:/Jogos/Unity Editor/2021.1.7f1/Editor/Data/PlaybackEngines/WindowsStandaloneSupport/UnityEditor.WindowsStandalone.Extensions.dll
Registered in 0.107505 seconds.
Native extension for WindowsStandalone target not found
Refreshing native plugins compatible for Editor in 39.98 ms, found 6 plugins.
Preloading 0 native plugins for Editor in 0.00 ms.
Mono: successfully reloaded assembly
- Completed reload, in  4.486 seconds
Platform modules already initialized, skipping
Registering precompiled user dll's ...
Registered in 1.572844 seconds.
Begin MonoManager ReloadAssembly
Native extension for WindowsStandalone target not found
Refreshing native plugins compatible for Editor in 0.69 ms, found 6 plugins.
Preloading 0 native plugins for Editor in 0.00 ms.
Mono: successfully reloaded assembly
- Completed reload, in  3.777 seconds
Platform modules already initialized, skipping
========================================================================
Worker process is ready to serve import requests
Shader 'MK/MKGlow/Toon/BasicOutline': fallback shader 'Toon/Basic' not found
Shader 'MK/MKGlow/Normal/DiffuseBumped': fallback shader 'MK/MKGlow/Diffuse' not found
Shader 'MK/MKGlow/Toon/BasicOutline': fallback shader 'Toon/Basic' not found
Launched and connected shader compiler UnityShaderCompiler.exe after 0.17 seconds
Refreshing native plugins compatible for Editor in 0.81 ms, found 6 plugins.
Preloading 0 native plugins for Editor in 0.00 ms.
Unloading 2118 Unused Serialized files (Serialized files now loaded: 0)
System memory in use before: 121.1 MB.
System memory in use after: 121.1 MB.

Unloading 80 unused Assets to reduce memory usage. Loaded Objects now: 2536.
Total: 5.052500 ms (FindLiveObjects: 0.160200 ms CreateObjectMapping: 0.075700 ms MarkObjects: 4.682700 ms  DeleteObjects: 0.133100 ms)

========================================================================
Received Import Request.
  path: Assets/Scenes/Game/Main Editor.unity
  artifactKey: Guid(864109b3b3b55ee4ab2d835ee069bbc1) Importer(815301076,1909f56bfc062723c751e8b465ee728b)
Start importing Assets/Scenes/Game/Main Editor.unity using Guid(864109b3b3b55ee4ab2d835ee069bbc1) Importer(815301076,1909f56bfc062723c751e8b465ee728b)  -> (artifact id: 'ba703726c46aca65e5af2f7423d9dea5') in 0.015602 seconds 
========================================================================
Received Import Request.
  Time since last request: 0.002287 seconds.
  path: Assets/Scenes/Tests/WhammyTest.unity
  artifactKey: Guid(0363c7ae4654bff4f9b1e699b1f7ad62) Importer(815301076,1909f56bfc062723c751e8b465ee728b)
Start importing Assets/Scenes/Tests/WhammyTest.unity using Guid(0363c7ae4654bff4f9b1e699b1f7ad62) Importer(815301076,1909f56bfc062723c751e8b465ee728b)  -> (artifact id: '607f50202ede19667c80d9d27b7786ba') in 0.005099 seconds 
========================================================================
Received Prepare
Registering precompiled user dll's ...
Registered in 0.137333 seconds.
Begin MonoManager ReloadAssembly
Native extension for WindowsStandalone target not found
Refreshing native plugins compatible for Editor in 0.79 ms, found 6 plugins.
Preloading 0 native plugins for Editor in 0.00 ms.
Mono: successfully reloaded assembly
- Completed reload, in  0.899 seconds
Platform modules already initialized, skipping
Shader 'MK/MKGlow/Toon/BasicOutline': fallback shader 'Toon/Basic' not found
Shader 'MK/MKGlow/Normal/DiffuseBumped': fallback shader 'MK/MKGlow/Diffuse' not found
Shader 'MK/MKGlow/Toon/BasicOutline': fallback shader 'Toon/Basic' not found
Refreshing native plugins compatible for Editor in 0.84 ms, found 6 plugins.
Preloading 0 native plugins for Editor in 0.00 ms.
Unloading 2025 Unused Serialized files (Serialized files now loaded: 0)
System memory in use before: 112.0 MB.
System memory in use after: 112.1 MB.

Unloading 71 unused Assets to reduce memory usage. Loaded Objects now: 2539.
Total: 5.609400 ms (FindLiveObjects: 0.188800 ms CreateObjectMapping: 0.077400 ms MarkObjects: 5.241000 ms  DeleteObjects: 0.101300 ms)

========================================================================
Received Prepare
Registering precompiled user dll's ...
Registered in 0.009050 seconds.
Begin MonoManager ReloadAssembly
Native extension for WindowsStandalone target not found
Refreshing native plugins compatible for Editor in 0.70 ms, found 6 plugins.
Preloading 0 native plugins for Editor in 0.00 ms.
Mono: successfully reloaded assembly
- Completed reload, in  0.836 seconds
Platform modules already initialized, skipping
Shader 'MK/MKGlow/Toon/BasicOutline': fallback shader 'Toon/Basic' not found
Shader 'MK/MKGlow/Toon/BasicOutline': fallback shader 'Toon/Basic' not found
Shader 'MK/MKGlow/Normal/DiffuseBumped': fallback shader 'MK/MKGlow/Diffuse' not found
Refreshing native plugins compatible for Editor in 0.68 ms, found 6 plugins.
Preloading 0 native plugins for Editor in 0.00 ms.
Unloading 2025 Unused Serialized files (Serialized files now loaded: 0)
System memory in use before: 112.1 MB.
System memory in use after: 112.1 MB.

Unloading 71 unused Assets to reduce memory usage. Loaded Objects now: 2542.
Total: 4.994700 ms (FindLiveObjects: 0.160200 ms CreateObjectMapping: 0.061800 ms MarkObjects: 4.678700 ms  DeleteObjects: 0.093300 ms)

========================================================================
Received Prepare
Registering precompiled user dll's ...
Registered in 0.006973 seconds.
Begin MonoManager ReloadAssembly
Native extension for WindowsStandalone target not found
Refreshing native plugins compatible for Editor in 0.70 ms, found 6 plugins.
Preloading 0 native plugins for Editor in 0.00 ms.
Mono: successfully reloaded assembly
- Completed reload, in  0.839 seconds
Platform modules already initialized, skipping
Shader 'MK/MKGlow/Toon/BasicOutline': fallback shader 'Toon/Basic' not found
Shader 'MK/MKGlow/Normal/DiffuseBumped': fallback shader 'MK/MKGlow/Diffuse' not found
Shader 'MK/MKGlow/Toon/BasicOutline': fallback shader 'Toon/Basic' not found
Refreshing native plugins compatible for Editor in 0.71 ms, found 6 plugins.
Preloading 0 native plugins for Editor in 0.00 ms.
Unloading 2025 Unused Serialized files (Serialized files now loaded: 0)
System memory in use before: 112.1 MB.
System memory in use after: 112.1 MB.

Unloading 71 unused Assets to reduce memory usage. Loaded Objects now: 2545.
Total: 4.924500 ms (FindLiveObjects: 0.162700 ms CreateObjectMapping: 0.068500 ms MarkObjects: 4.591100 ms  DeleteObjects: 0.101000 ms)

========================================================================
Received Prepare
Registering precompiled user dll's ...
Registered in 0.006599 seconds.
Begin MonoManager ReloadAssembly
Native extension for WindowsStandalone target not found
Refreshing native plugins compatible for Editor in 0.68 ms, found 6 plugins.
Preloading 0 native plugins for Editor in 0.00 ms.
Mono: successfully reloaded assembly
- Completed reload, in  0.837 seconds
Platform modules already initialized, skipping
Shader 'MK/MKGlow/Toon/BasicOutline': fallback shader 'Toon/Basic' not found
Shader 'MK/MKGlow/Toon/BasicOutline': fallback shader 'Toon/Basic' not found
Shader 'MK/MKGlow/Normal/DiffuseBumped': fallback shader 'MK/MKGlow/Diffuse' not found
Refreshing native plugins compatible for Editor in 0.69 ms, found 6 plugins.
Preloading 0 native plugins for Editor in 0.00 ms.
Unloading 2025 Unused Serialized files (Serialized files now loaded: 0)
System memory in use before: 112.1 MB.
System memory in use after: 112.1 MB.

Unloading 71 unused Assets to reduce memory usage. Loaded Objects now: 2548.
Total: 5.637700 ms (FindLiveObjects: 0.154900 ms CreateObjectMapping: 0.058400 ms MarkObjects: 5.330800 ms  DeleteObjects: 0.092900 ms)

AssetImportWorkerClient::OnTransportError - code=2 error=End of file
